c:\users\proyecto\documents\fundamentos201901\proyectos\papuengine\debug\vc140.pdb
c:\users\proyecto\documents\fundamentos201901\proyectos\papuengine\debug\vc140.idb
c:\users\proyecto\documents\fundamentos201901\proyectos\papuengine\debug\camera2d.obj
c:\users\proyecto\documents\fundamentos201901\proyectos\papuengine\debug\error.obj
c:\users\proyecto\documents\fundamentos201901\proyectos\papuengine\debug\gls_program.obj
c:\users\proyecto\documents\fundamentos201901\proyectos\papuengine\debug\imageloader.obj
c:\users\proyecto\documents\fundamentos201901\proyectos\papuengine\debug\inputmanager.obj
c:\users\proyecto\documents\fundamentos201901\proyectos\papuengine\debug\iomanager.obj
c:\users\proyecto\documents\fundamentos201901\proyectos\papuengine\debug\main.obj
c:\users\proyecto\documents\fundamentos201901\proyectos\papuengine\debug\maingame.obj
c:\users\proyecto\documents\fundamentos201901\proyectos\papuengine\debug\papuengine.obj
c:\users\proyecto\documents\fundamentos201901\proyectos\papuengine\debug\picopng.obj
c:\users\proyecto\documents\fundamentos201901\proyectos\papuengine\debug\resourcemanager.obj
c:\users\proyecto\documents\fundamentos201901\proyectos\papuengine\debug\texturecache.obj
c:\users\proyecto\documents\fundamentos201901\proyectos\papuengine\debug\window.obj
c:\users\proyecto\documents\fundamentos201901\proyectos\papuengine\debug\sprite.obj
c:\users\proyecto\documents\fundamentos201901\proyectos\papuengine\debug\spritebatch.obj
c:\users\proyecto\documents\fundamentos201901\proyectos\papuengine\debug\agent.obj
c:\users\proyecto\documents\fundamentos201901\proyectos\papuengine\debug\human.obj
c:\users\proyecto\documents\fundamentos201901\proyectos\papuengine\debug\level.obj
c:\users\proyecto\documents\fundamentos201901\proyectos\papuengine\debug\player.obj
c:\users\proyecto\documents\fundamentos201901\proyectos\papuengine\debug\zombie.obj
d:\fundamentos\fundamentos201901-8969602d9bc28eaf58311c4ca679195d36a194f7\proyectos\papuengine\debug\vc141.pdb
d:\fundamentos\fundamentos201901-8969602d9bc28eaf58311c4ca679195d36a194f7\proyectos\papuengine\debug\vc141.idb
d:\fundamentos\fundamentos201901-8969602d9bc28eaf58311c4ca679195d36a194f7\proyectos\papuengine\debug\zombie.obj
d:\fundamentos\fundamentos201901-8969602d9bc28eaf58311c4ca679195d36a194f7\proyectos\papuengine\debug\window.obj
d:\fundamentos\fundamentos201901-8969602d9bc28eaf58311c4ca679195d36a194f7\proyectos\papuengine\debug\texturecache.obj
d:\fundamentos\fundamentos201901-8969602d9bc28eaf58311c4ca679195d36a194f7\proyectos\papuengine\debug\spritebatch.obj
d:\fundamentos\fundamentos201901-8969602d9bc28eaf58311c4ca679195d36a194f7\proyectos\papuengine\debug\sprite.obj
d:\fundamentos\fundamentos201901-8969602d9bc28eaf58311c4ca679195d36a194f7\proyectos\papuengine\debug\resourcemanager.obj
d:\fundamentos\fundamentos201901-8969602d9bc28eaf58311c4ca679195d36a194f7\proyectos\papuengine\debug\player.obj
d:\fundamentos\fundamentos201901-8969602d9bc28eaf58311c4ca679195d36a194f7\proyectos\papuengine\debug\picopng.obj
d:\fundamentos\fundamentos201901-8969602d9bc28eaf58311c4ca679195d36a194f7\proyectos\papuengine\debug\papuengine.obj
d:\fundamentos\fundamentos201901-8969602d9bc28eaf58311c4ca679195d36a194f7\proyectos\papuengine\debug\maingame.obj
d:\fundamentos\fundamentos201901-8969602d9bc28eaf58311c4ca679195d36a194f7\proyectos\papuengine\debug\main.obj
d:\fundamentos\fundamentos201901-8969602d9bc28eaf58311c4ca679195d36a194f7\proyectos\papuengine\debug\level.obj
d:\fundamentos\fundamentos201901-8969602d9bc28eaf58311c4ca679195d36a194f7\proyectos\papuengine\debug\iomanager.obj
d:\fundamentos\fundamentos201901-8969602d9bc28eaf58311c4ca679195d36a194f7\proyectos\papuengine\debug\inputmanager.obj
d:\fundamentos\fundamentos201901-8969602d9bc28eaf58311c4ca679195d36a194f7\proyectos\papuengine\debug\imageloader.obj
d:\fundamentos\fundamentos201901-8969602d9bc28eaf58311c4ca679195d36a194f7\proyectos\papuengine\debug\human.obj
d:\fundamentos\fundamentos201901-8969602d9bc28eaf58311c4ca679195d36a194f7\proyectos\papuengine\debug\gls_program.obj
d:\fundamentos\fundamentos201901-8969602d9bc28eaf58311c4ca679195d36a194f7\proyectos\papuengine\debug\error.obj
d:\fundamentos\fundamentos201901-8969602d9bc28eaf58311c4ca679195d36a194f7\proyectos\papuengine\debug\camera2d.obj
d:\fundamentos\fundamentos201901-8969602d9bc28eaf58311c4ca679195d36a194f7\proyectos\papuengine\debug\agent.obj
c:\users\proyecto\documents\fundamentos201901\proyectos\debug\papuengine.ilk
c:\users\proyecto\documents\fundamentos201901\proyectos\debug\papuengine.exe
c:\users\proyecto\documents\fundamentos201901\proyectos\debug\papuengine.pdb
d:\fundamentos\fundamentos201901-8969602d9bc28eaf58311c4ca679195d36a194f7\proyectos\debug\papuengine.ilk
d:\fundamentos\fundamentos201901-8969602d9bc28eaf58311c4ca679195d36a194f7\proyectos\debug\papuengine.exe
d:\fundamentos\fundamentos201901-8969602d9bc28eaf58311c4ca679195d36a194f7\proyectos\debug\papuengine.pdb
d:\fundamentos\fundamentos201901-8969602d9bc28eaf58311c4ca679195d36a194f7\proyectos\papuengine\debug\vc140.idb
d:\fundamentos\fundamentos201901-8969602d9bc28eaf58311c4ca679195d36a194f7\proyectos\papuengine\debug\vc140.pdb
d:\fundamentos\fundamentos201901-8969602d9bc28eaf58311c4ca679195d36a194f7\proyectos\papuengine\debug\papuengine.tlog\cl.command.1.tlog
d:\fundamentos\fundamentos201901-8969602d9bc28eaf58311c4ca679195d36a194f7\proyectos\papuengine\debug\papuengine.tlog\cl.read.1.tlog
d:\fundamentos\fundamentos201901-8969602d9bc28eaf58311c4ca679195d36a194f7\proyectos\papuengine\debug\papuengine.tlog\cl.write.1.tlog
d:\fundamentos\fundamentos201901-8969602d9bc28eaf58311c4ca679195d36a194f7\proyectos\papuengine\debug\papuengine.tlog\link.command.1.tlog
d:\fundamentos\fundamentos201901-8969602d9bc28eaf58311c4ca679195d36a194f7\proyectos\papuengine\debug\papuengine.tlog\link.read.1.tlog
d:\fundamentos\fundamentos201901-8969602d9bc28eaf58311c4ca679195d36a194f7\proyectos\papuengine\debug\papuengine.tlog\link.write.1.tlog
